<?xml version="1.0" encoding="UTF-8"?>
<!-- Generated by org.testng.reporters.JUnitReportReporter -->
<testsuite hostname="DESKTOP-N132HI4" failures="0" tests="1" name="Academy1234.HomePage" time="16.491" errors="0" timestamp="2021-11-22T12:18:41 IST" skipped="0">
  <testcase classname="Academy1234.HomePage" name="basePageNavigation" time="16.491"/>
  <system-out/>
</testsuite> <!-- Academy1234.HomePage -->
