<?xml version="1.0" encoding="UTF-8"?>
<!-- Generated by org.testng.reporters.JUnitReportReporter -->
<testsuite hostname="DESKTOP-N132HI4" failures="0" tests="2" name="Academy1234.HomePage1" time="44.221" errors="0" timestamp="2021-11-22T12:18:41 IST" skipped="0">
  <testcase classname="Academy1234.HomePage1" name="basePageNavigation" time="22.693"/>
  <system-out/>
  <testcase classname="Academy1234.HomePage1" name="basePageNavigation" time="21.528"/>
  <system-out/>
</testsuite> <!-- Academy1234.HomePage1 -->
