<?xml version="1.0" encoding="UTF-8"?>
<!-- Generated by org.testng.reporters.JUnitReportReporter -->
<testsuite hostname="DESKTOP-N132HI4" failures="0" tests="1" name="Academy1234.BasePageNavigation" time="0.022" errors="0" timestamp="21 Nov 2021 07:59:45 GMT">
  <testcase classname="Academy1234.BasePageNavigation" name="BasePageNavigation" time="0.022"/>
</testsuite> <!-- Academy1234.BasePageNavigation -->
